     1                                  ; hello.asm
     2                                  SECTION .data ; Начало секции данных
     3 00000000 D0A9D0B5D180D0B1D0-     hello: DB 'Щербакова Вероника Владимировна',10 
     3 00000009 B0D0BAD0BED0B2D0B0-
     3 00000012 20D092D0B5D180D0BE-
     3 0000001B D0BDD0B8D0BAD0B020-
     3 00000024 D092D0BBD0B0D0B4D0-
     3 0000002D B8D0BCD0B8D180D0BE-
     3 00000036 D0B2D0BDD0B00A     
     4                                  helloLen: EQU $-hello 
     5                                  SECTION .text 
     6                                  GLOBAL _start
     7                                  _start: 
     8 00000000 B804000000              mov eax,4 
     9 00000005 BB01000000              mov ebx,1 
    10 0000000A B9[00000000]            mov ecx,hello 
    11 0000000F BA3D000000              mov edx,helloLen 
    12 00000014 CD80                    int 80h 
    13 00000016 B801000000              mov eax,1 
    14 0000001B BB00000000              mov ebx,0 
    15 00000020 CD80                    int 80h 
    16                                  
